<?xml version="1.0" encoding="UTF-8"?>
<!-- Generated by org.testng.reporters.JUnitReportReporter -->
<testsuite skipped="0" hostname="IT-VANSHRAJ2" name="in.dishtv.Phoenix.PhoenixLoginLogoutTest" tests="7" failures="0" timestamp="03 Dec 2018 13:05:11 GMT" time="74.657" errors="0">
  <testcase name="phoenixLoginValidUseridValidPassword" time="60.452" classname="in.dishtv.Phoenix.PhoenixLoginLogoutTest"/>
  <testcase name="phoenixLoginValidUseridInvalidPassword" time="1.812" classname="in.dishtv.Phoenix.PhoenixLoginLogoutTest"/>
  <testcase name="phoenixLoginInValidUseridInvalidPassword" time="2.579" classname="in.dishtv.Phoenix.PhoenixLoginLogoutTest"/>
  <testcase name="phoenixLoginInValidUseridInvalidPassword" time="1.979" classname="in.dishtv.Phoenix.PhoenixLoginLogoutTest"/>
  <testcase name="phoenixLoginBlankValidation" time="3.515" classname="in.dishtv.Phoenix.PhoenixLoginLogoutTest"/>
  <testcase name="phoenixLoginInvalidUseridValidPassword" time="2.588" classname="in.dishtv.Phoenix.PhoenixLoginLogoutTest"/>
  <testcase name="phoenixLogout" time="1.732" classname="in.dishtv.Phoenix.PhoenixLoginLogoutTest"/>
</testsuite> <!-- in.dishtv.Phoenix.PhoenixLoginLogoutTest -->
